<?xml version="1.0" encoding="UTF-8"?>
<!-- Generated by org.testng.reporters.JUnitReportReporter -->
<testsuite hostname="Daniel-windows" failures="0" tests="1" name="TestRunner" time="27.019" errors="0" timestamp="2021-03-30T02:56:58 CLST" skipped="0">
  <testcase classname="TestRunner" name="feature" time="27.019"/>
  <system-out/>
</testsuite> <!-- TestRunner -->
