<?xml version="1.0" encoding="UTF-8"?>
<!-- Generated by org.testng.reporters.JUnitReportReporter -->
<testsuite hostname="Daniel-windows" failures="0" tests="1" name="TestRunner" time="27.547" errors="0" timestamp="2021-04-02T00:34:38 CLST" skipped="0">
  <testcase classname="TestRunner" name="runScenario" time="27.547"/>
  <system-out/>
</testsuite> <!-- TestRunner -->
