<?xml version="1.0" encoding="UTF-8"?>
<!-- Generated by org.testng.reporters.JUnitReportReporter -->
<testsuite hostname="Daniel-windows" failures="0" tests="1" name="TestRunner" time="27.797" errors="0" timestamp="2021-03-30T03:18:02 CLST" skipped="0">
  <testcase classname="TestRunner" name="feature" time="27.797"/>
  <system-out/>
</testsuite> <!-- TestRunner -->
